<?xml version="1.0" encoding="UTF-8"?>
<!-- Generated by org.testng.reporters.JUnitReportReporter -->
<testsuite hostname="DESKTOP-12V27MH" failures="0" tests="2" name="Nscorp.cf6g3.HomepageTest" time="21.885" errors="0" timestamp="2024-12-18T11:26:31 IST" skipped="0">
  <testcase classname="Nscorp.cf6g3.HomepageTest" name="mainTest" time="12.727"/>
  <testcase classname="Nscorp.cf6g3.HomepageTest" name="mainTest1" time="9.158"/>
</testsuite> <!-- Nscorp.cf6g3.HomepageTest -->
